TN:
SF:/Users/liyangtao/lyt/denpendency-tool/jest.config.js
FN:3,(anonymous_0)
FN:7,(anonymous_1)
FNF:2
FNH:0
FNDA:0,(anonymous_0)
FNDA:0,(anonymous_1)
DA:1,2
DA:3,2
DA:4,0
DA:7,2
DA:8,0
DA:11,2
LF:6
LH:4
BRF:0
BRH:0
end_of_record
TN:
SF:/Users/liyangtao/lyt/denpendency-tool/src/resolver/index.ts
FN:5,default_1
FN:14,tsReolve
FNF:2
FNH:0
FNDA:0,default_1
FNDA:0,tsReolve
DA:1,1
DA:3,1
DA:4,1
DA:5,1
DA:14,1
DA:15,0
DA:19,0
DA:21,0
DA:23,0
DA:24,0
DA:25,0
DA:26,0
LF:12
LH:5
BRDA:24,0,0,0
BRDA:24,0,1,0
BRDA:26,1,0,0
BRDA:26,1,1,0
BRF:4
BRH:0
end_of_record
